<?xml version="1.0" encoding="UTF-8"?>
<testng-results skipped="0" failed="0" ignored="0" total="1" passed="1">
  <reporter-output>
  </reporter-output>
  <suite name="Default suite" duration-ms="13257" started-at="2020-01-24T06:08:08Z" finished-at="2020-01-24T06:08:21Z">
    <groups>
    </groups>
    <test name="Default test" duration-ms="13257" started-at="2020-01-24T06:08:08Z" finished-at="2020-01-24T06:08:21Z">
      <class name="Launch1">
        <test-method status="PASS" signature="test()[pri:0, instance:Launch1@7d9d1a19]" name="test" duration-ms="13191" started-at="2020-01-24T11:38:08Z" finished-at="2020-01-24T11:38:21Z">
          <reporter-output>
          </reporter-output>
        </test-method> <!-- test -->
      </class> <!-- Launch1 -->
    </test> <!-- Default test -->
  </suite> <!-- Default suite -->
</testng-results>
